<?xml version="1.0" encoding="UTF-8"?>
<testng-results ignored="0" total="1" passed="1" failed="0" skipped="0">
  <reporter-output>
  </reporter-output>
  <suite started-at="2024-10-30T10:37:20 IST" name="Default suite" finished-at="2024-10-30T10:37:29 IST" duration-ms="8794">
    <groups>
    </groups>
    <test started-at="2024-10-30T10:37:20 IST" name="Default test" finished-at="2024-10-30T10:37:29 IST" duration-ms="8794">
      <class name="Testscripts.WebTable">
        <test-method signature="TestTable()[pri:0, instance:Testscripts.WebTable@6d4e5011]" started-at="2024-10-30T10:37:21 IST" name="TestTable" finished-at="2024-10-30T10:37:29 IST" duration-ms="8682" status="PASS">
          <reporter-output>
          </reporter-output>
        </test-method> <!-- TestTable -->
      </class> <!-- Testscripts.WebTable -->
    </test> <!-- Default test -->
  </suite> <!-- Default suite -->
</testng-results>
